[10-25 18:08:32] p30981 {/home/deba/Desktop/P416CompilerBackend/src/DependencyAnlyzer/P4ProgramGraph.py:36} INFO - Loading pipelines
[10-25 18:08:33] p30981 {/home/deba/Desktop/P416CompilerBackend/src/P4ProgramParser/P416JsonParser.py:1318} INFO - Runtime data is not needed to be parsed in our system. passing it 
[10-25 18:08:33] p30981 {/home/deba/Desktop/P416CompilerBackend/src/P4ProgramParser/P416JsonParser.py:1318} INFO - Runtime data is not needed to be parsed in our system. passing it 
[10-25 18:08:33] p30981 {/home/deba/Desktop/P416CompilerBackend/src/P4ProgramParser/P416JsonParser.py:1318} INFO - Runtime data is not needed to be parsed in our system. passing it 
[10-25 18:08:33] p30981 {/home/deba/Desktop/P416CompilerBackend/src/P4ProgramParser/P416JsonParser.py:1318} INFO - Runtime data is not needed to be parsed in our system. passing it 
[10-25 18:08:33] p30981 {/home/deba/Desktop/P416CompilerBackend/src/P4ProgramParser/P416JsonParser.py:1318} INFO - Runtime data is not needed to be parsed in our system. passing it 
[10-25 18:08:33] p30981 {/home/deba/Desktop/P416CompilerBackend/src/P4ProgramParser/P416JsonParser.py:1318} INFO - Runtime data is not needed to be parsed in our system. passing it 
[10-25 18:08:33] p30981 {/home/deba/Desktop/P416CompilerBackend/src/P4ProgramParser/P416JsonParser.py:1318} INFO - Runtime data is not needed to be parsed in our system. passing it 
[10-25 18:08:33] p30981 {/home/deba/Desktop/P416CompilerBackend/src/DependencyAnlyzer/P4ProgramGraph.py:91} INFO - Field not found in map . The field is packet_in.$valid$
[10-25 18:08:33] p30981 {/home/deba/Desktop/P416CompilerBackend/src/DependencyAnlyzer/P4ProgramGraph.py:91} INFO - Field not found in map . The field is packet_out.$valid$
[10-25 18:08:33] p30981 {/home/deba/Desktop/P416CompilerBackend/src/DependencyAnlyzer/P4ProgramGraph.py:91} INFO - Field not found in map . The field is ipv6.$valid$
[10-25 18:08:33] p30981 {/home/deba/Desktop/P416CompilerBackend/src/DependencyAnlyzer/P4ProgramGraph.py:91} INFO - Field not found in map . The field is egress_queue_rate_value_map
[10-25 18:08:33] p30981 {/home/deba/Desktop/P416CompilerBackend/src/DependencyAnlyzer/P4ProgramGraph.py:103} INFO - Field not found in map . The field is egress_queue_event_hdr
[10-25 18:08:33] p30981 {/home/deba/Desktop/P416CompilerBackend/src/DependencyAnlyzer/P4ProgramGraph.py:103} INFO - Field not found in map . The field is egress_rate_event_hdr
[10-25 18:08:33] p30981 {/home/deba/Desktop/P416CompilerBackend/src/DependencyAnlyzer/P4ProgramGraph.py:103} INFO - Field not found in map . The field is packet_out
[10-25 18:08:33] p30981 {/home/deba/Desktop/P416CompilerBackend/src/DependencyAnlyzer/P4ProgramGraph.py:103} INFO - Field not found in map . The field is packet_in.$valid$
[10-25 18:08:33] p30981 {/home/deba/Desktop/P416CompilerBackend/src/DependencyAnlyzer/P4ProgramGraph.py:103} INFO - Field not found in map . The field is flag_hdr
[10-25 18:08:33] p30981 {/home/deba/Desktop/P416CompilerBackend/src/DependencyAnlyzer/P4ProgramGraph.py:103} INFO - Field not found in map . The field is packet_out.$valid$
[10-25 18:08:33] p30981 {/home/deba/Desktop/P416CompilerBackend/src/DependencyAnlyzer/P4ProgramGraph.py:103} INFO - Field not found in map . The field is ipv6.$valid$
[10-25 18:08:33] p30981 {/home/deba/Desktop/P416CompilerBackend/src/DependencyAnlyzer/P4ProgramGraph.py:103} INFO - Field not found in map . The field is egress_queue_rate_value_map
[10-25 18:08:33] p30981 {/home/deba/Desktop/P416CompilerBackend/src/DependencyAnlyzer/P4ProgramGraph.py:103} INFO - Field not found in map . The field is ingress_rate_event_hdr
[10-25 18:08:33] p30981 {/home/deba/Desktop/P416CompilerBackend/src/DependencyAnlyzer/P4ProgramGraph.py:103} INFO - Field not found in map . The field is standard_metadata
[10-25 18:08:33] p30981 {/home/deba/Desktop/P416CompilerBackend/src/DependencyAnlyzer/P4ProgramGraph.py:91} INFO - Field not found in map . The field is tcp.$valid$
[10-25 18:08:33] p30981 {/home/deba/Desktop/P416CompilerBackend/src/DependencyAnlyzer/P4ProgramGraph.py:91} INFO - Field not found in map . The field is EgressPipeImpl.egress_queue_depth_monitor_control_block.port_last_updated_egress_queue_avg_depth
[10-25 18:08:33] p30981 {/home/deba/Desktop/P416CompilerBackend/src/DependencyAnlyzer/P4ProgramGraph.py:103} INFO - Field not found in map . The field is udp
[10-25 18:08:33] p30981 {/home/deba/Desktop/P416CompilerBackend/src/DependencyAnlyzer/P4ProgramGraph.py:103} INFO - Field not found in map . The field is tcp
[10-25 18:08:33] p30981 {/home/deba/Desktop/P416CompilerBackend/src/DependencyAnlyzer/P4ProgramGraph.py:103} INFO - Field not found in map . The field is tcp.$valid$
[10-25 18:08:33] p30981 {/home/deba/Desktop/P416CompilerBackend/src/DependencyAnlyzer/P4ProgramGraph.py:103} INFO - Field not found in map . The field is ethernet
[10-25 18:08:33] p30981 {/home/deba/Desktop/P416CompilerBackend/src/DependencyAnlyzer/P4ProgramGraph.py:103} INFO - Field not found in map . The field is ipv4
[10-25 18:08:33] p30981 {/home/deba/Desktop/P416CompilerBackend/src/DependencyAnlyzer/P4ProgramGraph.py:103} INFO - Field not found in map . The field is packet_out
[10-25 18:08:33] p30981 {/home/deba/Desktop/P416CompilerBackend/src/DependencyAnlyzer/P4ProgramGraph.py:103} INFO - Field not found in map . The field is ndp
[10-25 18:08:33] p30981 {/home/deba/Desktop/P416CompilerBackend/src/DependencyAnlyzer/P4ProgramGraph.py:103} INFO - Field not found in map . The field is packet_in
[10-25 18:08:33] p30981 {/home/deba/Desktop/P416CompilerBackend/src/DependencyAnlyzer/P4ProgramGraph.py:103} INFO - Field not found in map . The field is EgressPipeImpl.egress_queue_depth_monitor_control_block.port_last_updated_egress_queue_avg_depth
[10-25 18:08:33] p30981 {/home/deba/Desktop/P416CompilerBackend/src/DependencyAnlyzer/P4ProgramGraph.py:103} INFO - Field not found in map . The field is icmpv6
[10-25 18:08:33] p30981 {/home/deba/Desktop/P416CompilerBackend/src/DependencyAnlyzer/P4ProgramGraph.py:103} INFO - Field not found in map . The field is ipv6
[10-27 11:58:33] p14153 {/home/deba/Desktop/P416CompilerBackend/src/DependencyAnlyzer/P4ProgramGraph.py:36} INFO - Loading pipelines
[10-27 11:58:42] p14153 {/home/deba/Desktop/P416CompilerBackend/src/P4ProgramParser/P416JsonParser.py:1318} INFO - Runtime data is not needed to be parsed in our system. passing it 
[10-27 11:58:42] p14153 {/home/deba/Desktop/P416CompilerBackend/src/P4ProgramParser/P416JsonParser.py:1318} INFO - Runtime data is not needed to be parsed in our system. passing it 
[10-27 11:58:42] p14153 {/home/deba/Desktop/P416CompilerBackend/src/P4ProgramParser/P416JsonParser.py:1318} INFO - Runtime data is not needed to be parsed in our system. passing it 
[10-27 11:58:42] p14153 {/home/deba/Desktop/P416CompilerBackend/src/P4ProgramParser/P416JsonParser.py:1318} INFO - Runtime data is not needed to be parsed in our system. passing it 
[10-27 11:58:42] p14153 {/home/deba/Desktop/P416CompilerBackend/src/P4ProgramParser/P416JsonParser.py:1318} INFO - Runtime data is not needed to be parsed in our system. passing it 
[10-27 11:58:42] p14153 {/home/deba/Desktop/P416CompilerBackend/src/P4ProgramParser/P416JsonParser.py:1318} INFO - Runtime data is not needed to be parsed in our system. passing it 
[10-27 11:58:42] p14153 {/home/deba/Desktop/P416CompilerBackend/src/P4ProgramParser/P416JsonParser.py:1318} INFO - Runtime data is not needed to be parsed in our system. passing it 
[10-27 11:58:42] p14153 {/home/deba/Desktop/P416CompilerBackend/src/DependencyAnlyzer/P4ProgramGraph.py:91} INFO - Field not found in map . The field is egress_queue_rate_value_map
[10-27 11:58:42] p14153 {/home/deba/Desktop/P416CompilerBackend/src/DependencyAnlyzer/P4ProgramGraph.py:91} INFO - Field not found in map . The field is IngressPipeImpl.cp_assisted_multicriteria_upstream_policy_routing_control_block.flowlet_lasttime_map
[10-27 11:58:42] p14153 {/home/deba/Desktop/P416CompilerBackend/src/DependencyAnlyzer/P4ProgramGraph.py:91} INFO - Field not found in map . The field is IngressPipeImpl.cp_assisted_multicriteria_upstream_policy_routing_control_block.flowlet_last_used_port
[10-27 11:58:42] p14153 {/home/deba/Desktop/P416CompilerBackend/src/DependencyAnlyzer/P4ProgramGraph.py:91} INFO - Field not found in map . The field is packet_out.$valid$
[10-27 11:58:42] p14153 {/home/deba/Desktop/P416CompilerBackend/src/DependencyAnlyzer/P4ProgramGraph.py:91} INFO - Field not found in map . The field is ipv6.$valid$
[10-27 11:58:42] p14153 {/home/deba/Desktop/P416CompilerBackend/src/DependencyAnlyzer/P4ProgramGraph.py:91} INFO - Field not found in map . The field is packet_in.$valid$
[10-27 11:58:42] p14153 {/home/deba/Desktop/P416CompilerBackend/src/DependencyAnlyzer/P4ProgramGraph.py:103} INFO - Field not found in map . The field is egress_queue_rate_value_map
[10-27 11:58:42] p14153 {/home/deba/Desktop/P416CompilerBackend/src/DependencyAnlyzer/P4ProgramGraph.py:103} INFO - Field not found in map . The field is IngressPipeImpl.cp_assisted_multicriteria_upstream_policy_routing_control_block.flowlet_lasttime_map
[10-27 11:58:42] p14153 {/home/deba/Desktop/P416CompilerBackend/src/DependencyAnlyzer/P4ProgramGraph.py:103} INFO - Field not found in map . The field is IngressPipeImpl.cp_assisted_multicriteria_upstream_policy_routing_control_block.flowlet_last_used_port
[10-27 11:58:42] p14153 {/home/deba/Desktop/P416CompilerBackend/src/DependencyAnlyzer/P4ProgramGraph.py:103} INFO - Field not found in map . The field is egress_queue_event_hdr
[10-27 11:58:42] p14153 {/home/deba/Desktop/P416CompilerBackend/src/DependencyAnlyzer/P4ProgramGraph.py:103} INFO - Field not found in map . The field is packet_out.$valid$
[10-27 11:58:42] p14153 {/home/deba/Desktop/P416CompilerBackend/src/DependencyAnlyzer/P4ProgramGraph.py:103} INFO - Field not found in map . The field is ingress_rate_event_hdr
[10-27 11:58:42] p14153 {/home/deba/Desktop/P416CompilerBackend/src/DependencyAnlyzer/P4ProgramGraph.py:103} INFO - Field not found in map . The field is packet_out
[10-27 11:58:42] p14153 {/home/deba/Desktop/P416CompilerBackend/src/DependencyAnlyzer/P4ProgramGraph.py:103} INFO - Field not found in map . The field is flag_hdr
[10-27 11:58:42] p14153 {/home/deba/Desktop/P416CompilerBackend/src/DependencyAnlyzer/P4ProgramGraph.py:103} INFO - Field not found in map . The field is standard_metadata
[10-27 11:58:42] p14153 {/home/deba/Desktop/P416CompilerBackend/src/DependencyAnlyzer/P4ProgramGraph.py:103} INFO - Field not found in map . The field is egress_rate_event_hdr
[10-27 11:58:42] p14153 {/home/deba/Desktop/P416CompilerBackend/src/DependencyAnlyzer/P4ProgramGraph.py:103} INFO - Field not found in map . The field is ipv6.$valid$
[10-27 11:58:42] p14153 {/home/deba/Desktop/P416CompilerBackend/src/DependencyAnlyzer/P4ProgramGraph.py:103} INFO - Field not found in map . The field is packet_in.$valid$
[10-27 11:58:42] p14153 {/home/deba/Desktop/P416CompilerBackend/src/DependencyAnlyzer/P4ProgramGraph.py:91} INFO - Field not found in map . The field is tcp.$valid$
[10-27 11:58:42] p14153 {/home/deba/Desktop/P416CompilerBackend/src/DependencyAnlyzer/P4ProgramGraph.py:91} INFO - Field not found in map . The field is EgressPipeImpl.egress_queue_depth_monitor_control_block.port_last_updated_egress_queue_avg_depth
[10-27 11:58:42] p14153 {/home/deba/Desktop/P416CompilerBackend/src/DependencyAnlyzer/P4ProgramGraph.py:103} INFO - Field not found in map . The field is packet_in
[10-27 11:58:42] p14153 {/home/deba/Desktop/P416CompilerBackend/src/DependencyAnlyzer/P4ProgramGraph.py:103} INFO - Field not found in map . The field is tcp.$valid$
[10-27 11:58:42] p14153 {/home/deba/Desktop/P416CompilerBackend/src/DependencyAnlyzer/P4ProgramGraph.py:103} INFO - Field not found in map . The field is EgressPipeImpl.egress_queue_depth_monitor_control_block.port_last_updated_egress_queue_avg_depth
[10-27 11:58:42] p14153 {/home/deba/Desktop/P416CompilerBackend/src/DependencyAnlyzer/P4ProgramGraph.py:103} INFO - Field not found in map . The field is ndp
[10-27 11:58:42] p14153 {/home/deba/Desktop/P416CompilerBackend/src/DependencyAnlyzer/P4ProgramGraph.py:103} INFO - Field not found in map . The field is tcp
[10-27 11:58:42] p14153 {/home/deba/Desktop/P416CompilerBackend/src/DependencyAnlyzer/P4ProgramGraph.py:103} INFO - Field not found in map . The field is packet_out
[10-27 11:58:42] p14153 {/home/deba/Desktop/P416CompilerBackend/src/DependencyAnlyzer/P4ProgramGraph.py:103} INFO - Field not found in map . The field is ipv6
[10-27 11:58:42] p14153 {/home/deba/Desktop/P416CompilerBackend/src/DependencyAnlyzer/P4ProgramGraph.py:103} INFO - Field not found in map . The field is icmpv6
[10-27 11:58:42] p14153 {/home/deba/Desktop/P416CompilerBackend/src/DependencyAnlyzer/P4ProgramGraph.py:103} INFO - Field not found in map . The field is udp
[10-27 11:58:42] p14153 {/home/deba/Desktop/P416CompilerBackend/src/DependencyAnlyzer/P4ProgramGraph.py:103} INFO - Field not found in map . The field is ipv4
[10-27 11:58:42] p14153 {/home/deba/Desktop/P416CompilerBackend/src/DependencyAnlyzer/P4ProgramGraph.py:103} INFO - Field not found in map . The field is ethernet
[10-27 12:00:15] p14275 {/home/deba/Desktop/P416CompilerBackend/src/DependencyAnlyzer/P4ProgramGraph.py:36} INFO - Loading pipelines
[10-27 12:00:17] p14275 {/home/deba/Desktop/P416CompilerBackend/src/P4ProgramParser/P416JsonParser.py:1318} INFO - Runtime data is not needed to be parsed in our system. passing it 
[10-27 12:00:17] p14275 {/home/deba/Desktop/P416CompilerBackend/src/P4ProgramParser/P416JsonParser.py:1318} INFO - Runtime data is not needed to be parsed in our system. passing it 
[10-27 12:00:17] p14275 {/home/deba/Desktop/P416CompilerBackend/src/P4ProgramParser/P416JsonParser.py:1318} INFO - Runtime data is not needed to be parsed in our system. passing it 
[10-27 12:00:17] p14275 {/home/deba/Desktop/P416CompilerBackend/src/P4ProgramParser/P416JsonParser.py:1318} INFO - Runtime data is not needed to be parsed in our system. passing it 
[10-27 12:00:17] p14275 {/home/deba/Desktop/P416CompilerBackend/src/P4ProgramParser/P416JsonParser.py:1318} INFO - Runtime data is not needed to be parsed in our system. passing it 
[10-27 12:00:17] p14275 {/home/deba/Desktop/P416CompilerBackend/src/P4ProgramParser/P416JsonParser.py:1318} INFO - Runtime data is not needed to be parsed in our system. passing it 
[10-27 12:00:17] p14275 {/home/deba/Desktop/P416CompilerBackend/src/P4ProgramParser/P416JsonParser.py:1318} INFO - Runtime data is not needed to be parsed in our system. passing it 
[10-27 12:00:17] p14275 {/home/deba/Desktop/P416CompilerBackend/src/DependencyAnlyzer/P4ProgramGraph.py:91} INFO - Field not found in map . The field is egress_queue_rate_value_map
[10-27 12:00:17] p14275 {/home/deba/Desktop/P416CompilerBackend/src/DependencyAnlyzer/P4ProgramGraph.py:91} INFO - Field not found in map . The field is IngressPipeImpl.cp_assisted_multicriteria_upstream_policy_routing_control_block.flowlet_last_used_port
[10-27 12:00:17] p14275 {/home/deba/Desktop/P416CompilerBackend/src/DependencyAnlyzer/P4ProgramGraph.py:91} INFO - Field not found in map . The field is ipv6.$valid$
[10-27 12:00:17] p14275 {/home/deba/Desktop/P416CompilerBackend/src/DependencyAnlyzer/P4ProgramGraph.py:91} INFO - Field not found in map . The field is packet_out.$valid$
[10-27 12:00:17] p14275 {/home/deba/Desktop/P416CompilerBackend/src/DependencyAnlyzer/P4ProgramGraph.py:91} INFO - Field not found in map . The field is packet_in.$valid$
[10-27 12:00:17] p14275 {/home/deba/Desktop/P416CompilerBackend/src/DependencyAnlyzer/P4ProgramGraph.py:91} INFO - Field not found in map . The field is IngressPipeImpl.cp_assisted_multicriteria_upstream_policy_routing_control_block.flowlet_lasttime_map
[10-27 12:00:17] p14275 {/home/deba/Desktop/P416CompilerBackend/src/DependencyAnlyzer/P4ProgramGraph.py:103} INFO - Field not found in map . The field is flag_hdr
[10-27 12:00:17] p14275 {/home/deba/Desktop/P416CompilerBackend/src/DependencyAnlyzer/P4ProgramGraph.py:103} INFO - Field not found in map . The field is egress_queue_rate_value_map
[10-27 12:00:17] p14275 {/home/deba/Desktop/P416CompilerBackend/src/DependencyAnlyzer/P4ProgramGraph.py:103} INFO - Field not found in map . The field is standard_metadata
[10-27 12:00:17] p14275 {/home/deba/Desktop/P416CompilerBackend/src/DependencyAnlyzer/P4ProgramGraph.py:103} INFO - Field not found in map . The field is IngressPipeImpl.cp_assisted_multicriteria_upstream_policy_routing_control_block.flowlet_last_used_port
[10-27 12:00:17] p14275 {/home/deba/Desktop/P416CompilerBackend/src/DependencyAnlyzer/P4ProgramGraph.py:103} INFO - Field not found in map . The field is egress_rate_event_hdr
[10-27 12:00:17] p14275 {/home/deba/Desktop/P416CompilerBackend/src/DependencyAnlyzer/P4ProgramGraph.py:103} INFO - Field not found in map . The field is ipv6.$valid$
[10-27 12:00:17] p14275 {/home/deba/Desktop/P416CompilerBackend/src/DependencyAnlyzer/P4ProgramGraph.py:103} INFO - Field not found in map . The field is packet_out.$valid$
[10-27 12:00:17] p14275 {/home/deba/Desktop/P416CompilerBackend/src/DependencyAnlyzer/P4ProgramGraph.py:103} INFO - Field not found in map . The field is packet_in.$valid$
[10-27 12:00:17] p14275 {/home/deba/Desktop/P416CompilerBackend/src/DependencyAnlyzer/P4ProgramGraph.py:103} INFO - Field not found in map . The field is IngressPipeImpl.cp_assisted_multicriteria_upstream_policy_routing_control_block.flowlet_lasttime_map
[10-27 12:00:17] p14275 {/home/deba/Desktop/P416CompilerBackend/src/DependencyAnlyzer/P4ProgramGraph.py:103} INFO - Field not found in map . The field is egress_queue_event_hdr
[10-27 12:00:17] p14275 {/home/deba/Desktop/P416CompilerBackend/src/DependencyAnlyzer/P4ProgramGraph.py:103} INFO - Field not found in map . The field is packet_out
[10-27 12:00:17] p14275 {/home/deba/Desktop/P416CompilerBackend/src/DependencyAnlyzer/P4ProgramGraph.py:103} INFO - Field not found in map . The field is ingress_rate_event_hdr
[10-27 12:00:17] p14275 {/home/deba/Desktop/P416CompilerBackend/src/DependencyAnlyzer/P4ProgramGraph.py:91} INFO - Field not found in map . The field is tcp.$valid$
[10-27 12:00:17] p14275 {/home/deba/Desktop/P416CompilerBackend/src/DependencyAnlyzer/P4ProgramGraph.py:91} INFO - Field not found in map . The field is EgressPipeImpl.egress_queue_depth_monitor_control_block.port_last_updated_egress_queue_avg_depth
[10-27 12:00:17] p14275 {/home/deba/Desktop/P416CompilerBackend/src/DependencyAnlyzer/P4ProgramGraph.py:103} INFO - Field not found in map . The field is ethernet
[10-27 12:00:17] p14275 {/home/deba/Desktop/P416CompilerBackend/src/DependencyAnlyzer/P4ProgramGraph.py:103} INFO - Field not found in map . The field is ndp
[10-27 12:00:17] p14275 {/home/deba/Desktop/P416CompilerBackend/src/DependencyAnlyzer/P4ProgramGraph.py:103} INFO - Field not found in map . The field is udp
[10-27 12:00:17] p14275 {/home/deba/Desktop/P416CompilerBackend/src/DependencyAnlyzer/P4ProgramGraph.py:103} INFO - Field not found in map . The field is tcp
[10-27 12:00:17] p14275 {/home/deba/Desktop/P416CompilerBackend/src/DependencyAnlyzer/P4ProgramGraph.py:103} INFO - Field not found in map . The field is packet_in
[10-27 12:00:17] p14275 {/home/deba/Desktop/P416CompilerBackend/src/DependencyAnlyzer/P4ProgramGraph.py:103} INFO - Field not found in map . The field is ipv4
[10-27 12:00:17] p14275 {/home/deba/Desktop/P416CompilerBackend/src/DependencyAnlyzer/P4ProgramGraph.py:103} INFO - Field not found in map . The field is tcp.$valid$
[10-27 12:00:17] p14275 {/home/deba/Desktop/P416CompilerBackend/src/DependencyAnlyzer/P4ProgramGraph.py:103} INFO - Field not found in map . The field is ipv6
[10-27 12:00:17] p14275 {/home/deba/Desktop/P416CompilerBackend/src/DependencyAnlyzer/P4ProgramGraph.py:103} INFO - Field not found in map . The field is EgressPipeImpl.egress_queue_depth_monitor_control_block.port_last_updated_egress_queue_avg_depth
[10-27 12:00:17] p14275 {/home/deba/Desktop/P416CompilerBackend/src/DependencyAnlyzer/P4ProgramGraph.py:103} INFO - Field not found in map . The field is icmpv6
[10-27 12:00:17] p14275 {/home/deba/Desktop/P416CompilerBackend/src/DependencyAnlyzer/P4ProgramGraph.py:103} INFO - Field not found in map . The field is packet_out
[10-27 12:15:22] p15637 {/home/deba/Desktop/P416CompilerBackend/src/DependencyAnlyzer/P4ProgramGraph.py:36} INFO - Loading pipelines
[10-27 12:15:25] p15637 {/home/deba/Desktop/P416CompilerBackend/src/P4ProgramParser/P416JsonParser.py:1318} INFO - Runtime data is not needed to be parsed in our system. passing it 
[10-27 12:15:25] p15637 {/home/deba/Desktop/P416CompilerBackend/src/P4ProgramParser/P416JsonParser.py:1318} INFO - Runtime data is not needed to be parsed in our system. passing it 
[10-27 12:15:25] p15637 {/home/deba/Desktop/P416CompilerBackend/src/P4ProgramParser/P416JsonParser.py:1318} INFO - Runtime data is not needed to be parsed in our system. passing it 
[10-27 12:15:25] p15637 {/home/deba/Desktop/P416CompilerBackend/src/P4ProgramParser/P416JsonParser.py:1318} INFO - Runtime data is not needed to be parsed in our system. passing it 
[10-27 12:15:25] p15637 {/home/deba/Desktop/P416CompilerBackend/src/P4ProgramParser/P416JsonParser.py:1318} INFO - Runtime data is not needed to be parsed in our system. passing it 
[10-27 12:15:25] p15637 {/home/deba/Desktop/P416CompilerBackend/src/P4ProgramParser/P416JsonParser.py:1318} INFO - Runtime data is not needed to be parsed in our system. passing it 
[10-27 12:15:25] p15637 {/home/deba/Desktop/P416CompilerBackend/src/P4ProgramParser/P416JsonParser.py:1318} INFO - Runtime data is not needed to be parsed in our system. passing it 
[10-27 12:15:25] p15637 {/home/deba/Desktop/P416CompilerBackend/src/DependencyAnlyzer/P4ProgramGraph.py:91} INFO - Field not found in map . The field is IngressPipeImpl.cp_assisted_multicriteria_upstream_policy_routing_control_block.flowlet_last_used_port
[10-27 12:15:25] p15637 {/home/deba/Desktop/P416CompilerBackend/src/DependencyAnlyzer/P4ProgramGraph.py:91} INFO - Field not found in map . The field is packet_out.$valid$
[10-27 12:15:25] p15637 {/home/deba/Desktop/P416CompilerBackend/src/DependencyAnlyzer/P4ProgramGraph.py:91} INFO - Field not found in map . The field is IngressPipeImpl.cp_assisted_multicriteria_upstream_policy_routing_control_block.flowlet_lasttime_map
[10-27 12:15:25] p15637 {/home/deba/Desktop/P416CompilerBackend/src/DependencyAnlyzer/P4ProgramGraph.py:91} INFO - Field not found in map . The field is egress_queue_rate_value_map
[10-27 12:15:25] p15637 {/home/deba/Desktop/P416CompilerBackend/src/DependencyAnlyzer/P4ProgramGraph.py:91} INFO - Field not found in map . The field is packet_in.$valid$
[10-27 12:15:25] p15637 {/home/deba/Desktop/P416CompilerBackend/src/DependencyAnlyzer/P4ProgramGraph.py:91} INFO - Field not found in map . The field is ipv6.$valid$
[10-27 12:15:25] p15637 {/home/deba/Desktop/P416CompilerBackend/src/DependencyAnlyzer/P4ProgramGraph.py:103} INFO - Field not found in map . The field is IngressPipeImpl.cp_assisted_multicriteria_upstream_policy_routing_control_block.flowlet_last_used_port
[10-27 12:15:25] p15637 {/home/deba/Desktop/P416CompilerBackend/src/DependencyAnlyzer/P4ProgramGraph.py:103} INFO - Field not found in map . The field is standard_metadata
[10-27 12:15:25] p15637 {/home/deba/Desktop/P416CompilerBackend/src/DependencyAnlyzer/P4ProgramGraph.py:103} INFO - Field not found in map . The field is flag_hdr
[10-27 12:15:25] p15637 {/home/deba/Desktop/P416CompilerBackend/src/DependencyAnlyzer/P4ProgramGraph.py:103} INFO - Field not found in map . The field is packet_out
[10-27 12:15:25] p15637 {/home/deba/Desktop/P416CompilerBackend/src/DependencyAnlyzer/P4ProgramGraph.py:103} INFO - Field not found in map . The field is packet_out.$valid$
[10-27 12:15:25] p15637 {/home/deba/Desktop/P416CompilerBackend/src/DependencyAnlyzer/P4ProgramGraph.py:103} INFO - Field not found in map . The field is ingress_rate_event_hdr
[10-27 12:15:25] p15637 {/home/deba/Desktop/P416CompilerBackend/src/DependencyAnlyzer/P4ProgramGraph.py:103} INFO - Field not found in map . The field is IngressPipeImpl.cp_assisted_multicriteria_upstream_policy_routing_control_block.flowlet_lasttime_map
[10-27 12:15:25] p15637 {/home/deba/Desktop/P416CompilerBackend/src/DependencyAnlyzer/P4ProgramGraph.py:103} INFO - Field not found in map . The field is egress_rate_event_hdr
[10-27 12:15:25] p15637 {/home/deba/Desktop/P416CompilerBackend/src/DependencyAnlyzer/P4ProgramGraph.py:103} INFO - Field not found in map . The field is egress_queue_rate_value_map
[10-27 12:15:25] p15637 {/home/deba/Desktop/P416CompilerBackend/src/DependencyAnlyzer/P4ProgramGraph.py:103} INFO - Field not found in map . The field is packet_in.$valid$
[10-27 12:15:25] p15637 {/home/deba/Desktop/P416CompilerBackend/src/DependencyAnlyzer/P4ProgramGraph.py:103} INFO - Field not found in map . The field is ipv6.$valid$
[10-27 12:15:25] p15637 {/home/deba/Desktop/P416CompilerBackend/src/DependencyAnlyzer/P4ProgramGraph.py:103} INFO - Field not found in map . The field is egress_queue_event_hdr
[10-27 12:15:25] p15637 {/home/deba/Desktop/P416CompilerBackend/src/DependencyAnlyzer/P4ProgramGraph.py:91} INFO - Field not found in map . The field is tcp.$valid$
[10-27 12:15:25] p15637 {/home/deba/Desktop/P416CompilerBackend/src/DependencyAnlyzer/P4ProgramGraph.py:91} INFO - Field not found in map . The field is EgressPipeImpl.egress_queue_depth_monitor_control_block.port_last_updated_egress_queue_avg_depth
[10-27 12:15:25] p15637 {/home/deba/Desktop/P416CompilerBackend/src/DependencyAnlyzer/P4ProgramGraph.py:103} INFO - Field not found in map . The field is tcp
[10-27 12:15:25] p15637 {/home/deba/Desktop/P416CompilerBackend/src/DependencyAnlyzer/P4ProgramGraph.py:103} INFO - Field not found in map . The field is tcp.$valid$
[10-27 12:15:25] p15637 {/home/deba/Desktop/P416CompilerBackend/src/DependencyAnlyzer/P4ProgramGraph.py:103} INFO - Field not found in map . The field is ethernet
[10-27 12:15:25] p15637 {/home/deba/Desktop/P416CompilerBackend/src/DependencyAnlyzer/P4ProgramGraph.py:103} INFO - Field not found in map . The field is packet_in
[10-27 12:15:25] p15637 {/home/deba/Desktop/P416CompilerBackend/src/DependencyAnlyzer/P4ProgramGraph.py:103} INFO - Field not found in map . The field is packet_out
[10-27 12:15:25] p15637 {/home/deba/Desktop/P416CompilerBackend/src/DependencyAnlyzer/P4ProgramGraph.py:103} INFO - Field not found in map . The field is EgressPipeImpl.egress_queue_depth_monitor_control_block.port_last_updated_egress_queue_avg_depth
[10-27 12:15:25] p15637 {/home/deba/Desktop/P416CompilerBackend/src/DependencyAnlyzer/P4ProgramGraph.py:103} INFO - Field not found in map . The field is icmpv6
[10-27 12:15:25] p15637 {/home/deba/Desktop/P416CompilerBackend/src/DependencyAnlyzer/P4ProgramGraph.py:103} INFO - Field not found in map . The field is ndp
[10-27 12:15:25] p15637 {/home/deba/Desktop/P416CompilerBackend/src/DependencyAnlyzer/P4ProgramGraph.py:103} INFO - Field not found in map . The field is ipv4
[10-27 12:15:25] p15637 {/home/deba/Desktop/P416CompilerBackend/src/DependencyAnlyzer/P4ProgramGraph.py:103} INFO - Field not found in map . The field is udp
[10-27 12:15:25] p15637 {/home/deba/Desktop/P416CompilerBackend/src/DependencyAnlyzer/P4ProgramGraph.py:103} INFO - Field not found in map . The field is ipv6
[10-28 13:16:34] p17253 {/home/deba/Desktop/P416CompilerBackend/src/DependencyAnlyzer/P4ProgramGraph.py:36} INFO - Loading pipelines
[10-28 13:17:06] p17300 {/home/deba/Desktop/P416CompilerBackend/src/DependencyAnlyzer/P4ProgramGraph.py:36} INFO - Loading pipelines
[10-28 13:17:25] p17337 {/home/deba/Desktop/P416CompilerBackend/src/DependencyAnlyzer/P4ProgramGraph.py:36} INFO - Loading pipelines
[10-28 13:17:52] p17432 {/home/deba/Desktop/P416CompilerBackend/src/DependencyAnlyzer/P4ProgramGraph.py:36} INFO - Loading pipelines
[10-28 13:45:12] p20562 {/home/deba/Desktop/P416CompilerBackend/src/DependencyAnlyzer/P4ProgramGraph.py:36} INFO - Loading pipelines
[10-29 11:34:08] p10835 {/home/deba/Desktop/P416CompilerBackend/src/DependencyAnlyzer/P4ProgramGraph.py:36} INFO - Loading pipelines
[10-29 13:44:54] p17616 {/home/deba/Desktop/P416CompilerBackend/src/DependencyAnlyzer/P4ProgramGraph.py:36} INFO - Loading pipelines
[10-29 13:49:16] p18023 {/home/deba/Desktop/P416CompilerBackend/src/DependencyAnlyzer/P4ProgramGraph.py:36} INFO - Loading pipelines
[10-29 13:49:28] p18023 {/home/deba/Desktop/P416CompilerBackend/src/P4ProgramParser/P416JsonParser.py:1323} INFO - Runtime data is not needed to be parsed in our system. passing it 
[10-29 13:49:28] p18023 {/home/deba/Desktop/P416CompilerBackend/src/P4ProgramParser/P416JsonParser.py:1323} INFO - Runtime data is not needed to be parsed in our system. passing it 
[10-29 13:49:28] p18023 {/home/deba/Desktop/P416CompilerBackend/src/P4ProgramParser/P416JsonParser.py:1323} INFO - Runtime data is not needed to be parsed in our system. passing it 
[10-29 13:49:28] p18023 {/home/deba/Desktop/P416CompilerBackend/src/P4ProgramParser/P416JsonParser.py:1323} INFO - Runtime data is not needed to be parsed in our system. passing it 
[10-29 13:49:28] p18023 {/home/deba/Desktop/P416CompilerBackend/src/P4ProgramParser/P416JsonParser.py:1323} INFO - Runtime data is not needed to be parsed in our system. passing it 
[10-29 13:49:28] p18023 {/home/deba/Desktop/P416CompilerBackend/src/P4ProgramParser/P416JsonParser.py:1323} INFO - Runtime data is not needed to be parsed in our system. passing it 
[10-29 13:49:28] p18023 {/home/deba/Desktop/P416CompilerBackend/src/P4ProgramParser/P416JsonParser.py:1323} INFO - Runtime data is not needed to be parsed in our system. passing it 
[10-29 13:49:28] p18023 {/home/deba/Desktop/P416CompilerBackend/src/DependencyAnlyzer/P4ProgramGraph.py:90} INFO - Field not found in map . The field is packet_in.$valid$
[10-29 13:49:28] p18023 {/home/deba/Desktop/P416CompilerBackend/src/DependencyAnlyzer/P4ProgramGraph.py:90} INFO - Field not found in map . The field is egress_queue_rate_value_map
[10-29 13:49:28] p18023 {/home/deba/Desktop/P416CompilerBackend/src/DependencyAnlyzer/P4ProgramGraph.py:90} INFO - Field not found in map . The field is packet_out.$valid$
[10-29 13:49:28] p18023 {/home/deba/Desktop/P416CompilerBackend/src/DependencyAnlyzer/P4ProgramGraph.py:90} INFO - Field not found in map . The field is IngressPipeImpl.cp_assisted_multicriteria_upstream_policy_routing_control_block.flowlet_lasttime_map
[10-29 13:49:28] p18023 {/home/deba/Desktop/P416CompilerBackend/src/DependencyAnlyzer/P4ProgramGraph.py:90} INFO - Field not found in map . The field is ipv6.$valid$
[10-29 13:49:28] p18023 {/home/deba/Desktop/P416CompilerBackend/src/DependencyAnlyzer/P4ProgramGraph.py:90} INFO - Field not found in map . The field is IngressPipeImpl.cp_assisted_multicriteria_upstream_policy_routing_control_block.flowlet_last_used_port
[10-29 13:49:28] p18023 {/home/deba/Desktop/P416CompilerBackend/src/DependencyAnlyzer/P4ProgramGraph.py:102} INFO - Field not found in map . The field is egress_rate_event_hdr
[10-29 13:49:28] p18023 {/home/deba/Desktop/P416CompilerBackend/src/DependencyAnlyzer/P4ProgramGraph.py:102} INFO - Field not found in map . The field is ingress_rate_event_hdr
[10-29 13:49:28] p18023 {/home/deba/Desktop/P416CompilerBackend/src/DependencyAnlyzer/P4ProgramGraph.py:102} INFO - Field not found in map . The field is flag_hdr
[10-29 13:49:28] p18023 {/home/deba/Desktop/P416CompilerBackend/src/DependencyAnlyzer/P4ProgramGraph.py:102} INFO - Field not found in map . The field is egress_queue_event_hdr
[10-29 13:49:28] p18023 {/home/deba/Desktop/P416CompilerBackend/src/DependencyAnlyzer/P4ProgramGraph.py:102} INFO - Field not found in map . The field is packet_in.$valid$
[10-29 13:49:28] p18023 {/home/deba/Desktop/P416CompilerBackend/src/DependencyAnlyzer/P4ProgramGraph.py:102} INFO - Field not found in map . The field is egress_queue_rate_value_map
[10-29 13:49:28] p18023 {/home/deba/Desktop/P416CompilerBackend/src/DependencyAnlyzer/P4ProgramGraph.py:102} INFO - Field not found in map . The field is packet_out.$valid$
[10-29 13:49:28] p18023 {/home/deba/Desktop/P416CompilerBackend/src/DependencyAnlyzer/P4ProgramGraph.py:102} INFO - Field not found in map . The field is IngressPipeImpl.cp_assisted_multicriteria_upstream_policy_routing_control_block.flowlet_lasttime_map
[10-29 13:49:28] p18023 {/home/deba/Desktop/P416CompilerBackend/src/DependencyAnlyzer/P4ProgramGraph.py:102} INFO - Field not found in map . The field is standard_metadata
[10-29 13:49:28] p18023 {/home/deba/Desktop/P416CompilerBackend/src/DependencyAnlyzer/P4ProgramGraph.py:102} INFO - Field not found in map . The field is packet_out
[10-29 13:49:28] p18023 {/home/deba/Desktop/P416CompilerBackend/src/DependencyAnlyzer/P4ProgramGraph.py:102} INFO - Field not found in map . The field is ipv6.$valid$
[10-29 13:49:28] p18023 {/home/deba/Desktop/P416CompilerBackend/src/DependencyAnlyzer/P4ProgramGraph.py:102} INFO - Field not found in map . The field is IngressPipeImpl.cp_assisted_multicriteria_upstream_policy_routing_control_block.flowlet_last_used_port
[10-29 13:49:28] p18023 {/home/deba/Desktop/P416CompilerBackend/src/DependencyAnlyzer/P4ProgramGraph.py:90} INFO - Field not found in map . The field is tcp.$valid$
[10-29 13:49:28] p18023 {/home/deba/Desktop/P416CompilerBackend/src/DependencyAnlyzer/P4ProgramGraph.py:90} INFO - Field not found in map . The field is EgressPipeImpl.egress_queue_depth_monitor_control_block.port_last_updated_egress_queue_avg_depth
[10-29 13:49:28] p18023 {/home/deba/Desktop/P416CompilerBackend/src/DependencyAnlyzer/P4ProgramGraph.py:102} INFO - Field not found in map . The field is ndp
[10-29 13:49:28] p18023 {/home/deba/Desktop/P416CompilerBackend/src/DependencyAnlyzer/P4ProgramGraph.py:102} INFO - Field not found in map . The field is icmpv6
[10-29 13:49:28] p18023 {/home/deba/Desktop/P416CompilerBackend/src/DependencyAnlyzer/P4ProgramGraph.py:102} INFO - Field not found in map . The field is packet_in
[10-29 13:49:28] p18023 {/home/deba/Desktop/P416CompilerBackend/src/DependencyAnlyzer/P4ProgramGraph.py:102} INFO - Field not found in map . The field is tcp
[10-29 13:49:28] p18023 {/home/deba/Desktop/P416CompilerBackend/src/DependencyAnlyzer/P4ProgramGraph.py:102} INFO - Field not found in map . The field is ipv4
[10-29 13:49:28] p18023 {/home/deba/Desktop/P416CompilerBackend/src/DependencyAnlyzer/P4ProgramGraph.py:102} INFO - Field not found in map . The field is packet_out
[10-29 13:49:28] p18023 {/home/deba/Desktop/P416CompilerBackend/src/DependencyAnlyzer/P4ProgramGraph.py:102} INFO - Field not found in map . The field is tcp.$valid$
[10-29 13:49:28] p18023 {/home/deba/Desktop/P416CompilerBackend/src/DependencyAnlyzer/P4ProgramGraph.py:102} INFO - Field not found in map . The field is ethernet
[10-29 13:49:28] p18023 {/home/deba/Desktop/P416CompilerBackend/src/DependencyAnlyzer/P4ProgramGraph.py:102} INFO - Field not found in map . The field is EgressPipeImpl.egress_queue_depth_monitor_control_block.port_last_updated_egress_queue_avg_depth
[10-29 13:49:28] p18023 {/home/deba/Desktop/P416CompilerBackend/src/DependencyAnlyzer/P4ProgramGraph.py:102} INFO - Field not found in map . The field is udp
[10-29 13:49:28] p18023 {/home/deba/Desktop/P416CompilerBackend/src/DependencyAnlyzer/P4ProgramGraph.py:102} INFO - Field not found in map . The field is ipv6
[10-29 13:50:11] p18141 {/home/deba/Desktop/P416CompilerBackend/src/DependencyAnlyzer/P4ProgramGraph.py:36} INFO - Loading pipelines
Name is None in getNode. returning None
Name is None in getNodeWithActionsForTDGProcessing. returning None
[10-29 13:50:11] p18141 {/home/deba/Desktop/P416CompilerBackend/src/P4ProgramParser/P416JsonParser.py:1323} INFO - Runtime data is not needed to be parsed in our system. passing it 
[10-29 13:50:11] p18141 {/home/deba/Desktop/P416CompilerBackend/src/P4ProgramParser/P416JsonParser.py:1323} INFO - Runtime data is not needed to be parsed in our system. passing it 
[10-29 13:50:11] p18141 {/home/deba/Desktop/P416CompilerBackend/src/P4ProgramParser/P416JsonParser.py:1323} INFO - Runtime data is not needed to be parsed in our system. passing it 
[10-29 13:50:42] p18203 {/home/deba/Desktop/P416CompilerBackend/src/DependencyAnlyzer/P4ProgramGraph.py:36} INFO - Loading pipelines
[10-29 13:57:07] p18412 {/home/deba/Desktop/P416CompilerBackend/src/DependencyAnlyzer/P4ProgramGraph.py:36} INFO - Loading pipelines
Name is None in getNode. returning None
Name is None in getNodeWithActionsForTDGProcessing. returning None
[10-29 13:57:08] p18412 {/home/deba/Desktop/P416CompilerBackend/src/P4ProgramParser/P416JsonParser.py:1323} INFO - Runtime data is not needed to be parsed in our system. passing it 
[10-29 13:57:08] p18412 {/home/deba/Desktop/P416CompilerBackend/src/P4ProgramParser/P416JsonParser.py:1323} INFO - Runtime data is not needed to be parsed in our system. passing it 
[10-29 13:57:08] p18412 {/home/deba/Desktop/P416CompilerBackend/src/P4ProgramParser/P416JsonParser.py:1323} INFO - Runtime data is not needed to be parsed in our system. passing it 
[10-29 14:18:46] p21613 {/home/deba/Desktop/P416CompilerBackend/src/DependencyAnlyzer/P4ProgramGraph.py:36} INFO - Loading pipelines
[10-29 14:19:13] p21686 {/home/deba/Desktop/P416CompilerBackend/src/DependencyAnlyzer/P4ProgramGraph.py:36} INFO - Loading pipelines
[10-29 14:24:16] p21856 {/home/deba/Desktop/P416CompilerBackend/src/DependencyAnlyzer/P4ProgramGraph.py:36} INFO - Loading pipelines
[10-29 14:24:19] p21856 {/home/deba/Desktop/P416CompilerBackend/src/P4ProgramParser/P416JsonParser.py:1323} INFO - Runtime data is not needed to be parsed in our system. passing it 
[10-29 14:24:19] p21856 {/home/deba/Desktop/P416CompilerBackend/src/P4ProgramParser/P416JsonParser.py:1323} INFO - Runtime data is not needed to be parsed in our system. passing it 
[10-29 14:24:19] p21856 {/home/deba/Desktop/P416CompilerBackend/src/P4ProgramParser/P416JsonParser.py:1323} INFO - Runtime data is not needed to be parsed in our system. passing it 
[10-29 14:24:19] p21856 {/home/deba/Desktop/P416CompilerBackend/src/P4ProgramParser/P416JsonParser.py:1323} INFO - Runtime data is not needed to be parsed in our system. passing it 
[10-29 14:24:19] p21856 {/home/deba/Desktop/P416CompilerBackend/src/P4ProgramParser/P416JsonParser.py:1323} INFO - Runtime data is not needed to be parsed in our system. passing it 
[10-29 14:24:19] p21856 {/home/deba/Desktop/P416CompilerBackend/src/P4ProgramParser/P416JsonParser.py:1323} INFO - Runtime data is not needed to be parsed in our system. passing it 
[10-29 14:24:19] p21856 {/home/deba/Desktop/P416CompilerBackend/src/P4ProgramParser/P416JsonParser.py:1323} INFO - Runtime data is not needed to be parsed in our system. passing it 
[10-29 14:24:19] p21856 {/home/deba/Desktop/P416CompilerBackend/src/DependencyAnlyzer/P4ProgramGraph.py:90} INFO - Field not found in map . The field is IngressPipeImpl.cp_assisted_multicriteria_upstream_policy_routing_control_block.flowlet_last_used_port
[10-29 14:24:19] p21856 {/home/deba/Desktop/P416CompilerBackend/src/DependencyAnlyzer/P4ProgramGraph.py:90} INFO - Field not found in map . The field is IngressPipeImpl.cp_assisted_multicriteria_upstream_policy_routing_control_block.flowlet_lasttime_map
[10-29 14:24:19] p21856 {/home/deba/Desktop/P416CompilerBackend/src/DependencyAnlyzer/P4ProgramGraph.py:90} INFO - Field not found in map . The field is egress_queue_rate_value_map
[10-29 14:24:19] p21856 {/home/deba/Desktop/P416CompilerBackend/src/DependencyAnlyzer/P4ProgramGraph.py:90} INFO - Field not found in map . The field is packet_in.$valid$
[10-29 14:24:19] p21856 {/home/deba/Desktop/P416CompilerBackend/src/DependencyAnlyzer/P4ProgramGraph.py:90} INFO - Field not found in map . The field is ipv6.$valid$
[10-29 14:24:19] p21856 {/home/deba/Desktop/P416CompilerBackend/src/DependencyAnlyzer/P4ProgramGraph.py:90} INFO - Field not found in map . The field is packet_out.$valid$
[10-29 14:24:19] p21856 {/home/deba/Desktop/P416CompilerBackend/src/DependencyAnlyzer/P4ProgramGraph.py:102} INFO - Field not found in map . The field is IngressPipeImpl.cp_assisted_multicriteria_upstream_policy_routing_control_block.flowlet_last_used_port
[10-29 14:24:19] p21856 {/home/deba/Desktop/P416CompilerBackend/src/DependencyAnlyzer/P4ProgramGraph.py:102} INFO - Field not found in map . The field is flag_hdr
[10-29 14:24:19] p21856 {/home/deba/Desktop/P416CompilerBackend/src/DependencyAnlyzer/P4ProgramGraph.py:102} INFO - Field not found in map . The field is standard_metadata
[10-29 14:24:19] p21856 {/home/deba/Desktop/P416CompilerBackend/src/DependencyAnlyzer/P4ProgramGraph.py:102} INFO - Field not found in map . The field is ingress_rate_event_hdr
[10-29 14:24:19] p21856 {/home/deba/Desktop/P416CompilerBackend/src/DependencyAnlyzer/P4ProgramGraph.py:102} INFO - Field not found in map . The field is IngressPipeImpl.cp_assisted_multicriteria_upstream_policy_routing_control_block.flowlet_lasttime_map
[10-29 14:24:19] p21856 {/home/deba/Desktop/P416CompilerBackend/src/DependencyAnlyzer/P4ProgramGraph.py:102} INFO - Field not found in map . The field is egress_queue_rate_value_map
[10-29 14:24:19] p21856 {/home/deba/Desktop/P416CompilerBackend/src/DependencyAnlyzer/P4ProgramGraph.py:102} INFO - Field not found in map . The field is packet_out
[10-29 14:24:19] p21856 {/home/deba/Desktop/P416CompilerBackend/src/DependencyAnlyzer/P4ProgramGraph.py:102} INFO - Field not found in map . The field is packet_in.$valid$
[10-29 14:24:19] p21856 {/home/deba/Desktop/P416CompilerBackend/src/DependencyAnlyzer/P4ProgramGraph.py:102} INFO - Field not found in map . The field is egress_queue_event_hdr
[10-29 14:24:19] p21856 {/home/deba/Desktop/P416CompilerBackend/src/DependencyAnlyzer/P4ProgramGraph.py:102} INFO - Field not found in map . The field is ipv6.$valid$
[10-29 14:24:19] p21856 {/home/deba/Desktop/P416CompilerBackend/src/DependencyAnlyzer/P4ProgramGraph.py:102} INFO - Field not found in map . The field is packet_out.$valid$
[10-29 14:24:19] p21856 {/home/deba/Desktop/P416CompilerBackend/src/DependencyAnlyzer/P4ProgramGraph.py:102} INFO - Field not found in map . The field is egress_rate_event_hdr
[10-29 14:24:19] p21856 {/home/deba/Desktop/P416CompilerBackend/src/DependencyAnlyzer/P4ProgramGraph.py:90} INFO - Field not found in map . The field is EgressPipeImpl.egress_queue_depth_monitor_control_block.port_last_updated_egress_queue_avg_depth
[10-29 14:24:19] p21856 {/home/deba/Desktop/P416CompilerBackend/src/DependencyAnlyzer/P4ProgramGraph.py:90} INFO - Field not found in map . The field is tcp.$valid$
[10-29 14:24:19] p21856 {/home/deba/Desktop/P416CompilerBackend/src/DependencyAnlyzer/P4ProgramGraph.py:102} INFO - Field not found in map . The field is tcp
[10-29 14:24:19] p21856 {/home/deba/Desktop/P416CompilerBackend/src/DependencyAnlyzer/P4ProgramGraph.py:102} INFO - Field not found in map . The field is icmpv6
[10-29 14:24:19] p21856 {/home/deba/Desktop/P416CompilerBackend/src/DependencyAnlyzer/P4ProgramGraph.py:102} INFO - Field not found in map . The field is packet_in
[10-29 14:24:19] p21856 {/home/deba/Desktop/P416CompilerBackend/src/DependencyAnlyzer/P4ProgramGraph.py:102} INFO - Field not found in map . The field is udp
[10-29 14:24:19] p21856 {/home/deba/Desktop/P416CompilerBackend/src/DependencyAnlyzer/P4ProgramGraph.py:102} INFO - Field not found in map . The field is ndp
[10-29 14:24:19] p21856 {/home/deba/Desktop/P416CompilerBackend/src/DependencyAnlyzer/P4ProgramGraph.py:102} INFO - Field not found in map . The field is ethernet
[10-29 14:24:19] p21856 {/home/deba/Desktop/P416CompilerBackend/src/DependencyAnlyzer/P4ProgramGraph.py:102} INFO - Field not found in map . The field is packet_out
[10-29 14:24:19] p21856 {/home/deba/Desktop/P416CompilerBackend/src/DependencyAnlyzer/P4ProgramGraph.py:102} INFO - Field not found in map . The field is ipv6
[10-29 14:24:19] p21856 {/home/deba/Desktop/P416CompilerBackend/src/DependencyAnlyzer/P4ProgramGraph.py:102} INFO - Field not found in map . The field is ipv4
[10-29 14:24:19] p21856 {/home/deba/Desktop/P416CompilerBackend/src/DependencyAnlyzer/P4ProgramGraph.py:102} INFO - Field not found in map . The field is EgressPipeImpl.egress_queue_depth_monitor_control_block.port_last_updated_egress_queue_avg_depth
[10-29 14:24:19] p21856 {/home/deba/Desktop/P416CompilerBackend/src/DependencyAnlyzer/P4ProgramGraph.py:102} INFO - Field not found in map . The field is tcp.$valid$
[10-29 14:24:34] p21920 {/home/deba/Desktop/P416CompilerBackend/src/DependencyAnlyzer/P4ProgramGraph.py:36} INFO - Loading pipelines
Name is None in getNode. returning None
Name is None in getNodeWithActionsForTDGProcessing. returning None
[10-29 14:24:35] p21920 {/home/deba/Desktop/P416CompilerBackend/src/P4ProgramParser/P416JsonParser.py:1323} INFO - Runtime data is not needed to be parsed in our system. passing it 
[10-29 14:24:35] p21920 {/home/deba/Desktop/P416CompilerBackend/src/P4ProgramParser/P416JsonParser.py:1323} INFO - Runtime data is not needed to be parsed in our system. passing it 
[10-29 14:24:35] p21920 {/home/deba/Desktop/P416CompilerBackend/src/P4ProgramParser/P416JsonParser.py:1323} INFO - Runtime data is not needed to be parsed in our system. passing it 
[11-01 14:13:52] p22573 {/home/deba/Desktop/P416CompilerBackend/src/DependencyAnlyzer/P4ProgramGraph.py:36} INFO - Loading pipelines
[11-01 14:25:59] p23575 {/home/deba/Desktop/P416CompilerBackend/src/DependencyAnlyzer/P4ProgramGraph.py:36} INFO - Loading pipelines
Name is None in getNode. returning None
Name is None in getNodeWithActionsForTDGProcessing. returning None
[11-01 14:26:04] p23575 {/home/deba/Desktop/P416CompilerBackend/src/P4ProgramParser/P416JsonParser.py:1323} INFO - Runtime data is not needed to be parsed in our system. passing it 
[11-01 14:26:04] p23575 {/home/deba/Desktop/P416CompilerBackend/src/P4ProgramParser/P416JsonParser.py:1323} INFO - Runtime data is not needed to be parsed in our system. passing it 
[11-01 14:26:04] p23575 {/home/deba/Desktop/P416CompilerBackend/src/P4ProgramParser/P416JsonParser.py:1323} INFO - Runtime data is not needed to be parsed in our system. passing it 
[11-01 14:44:53] p25135 {/home/deba/Desktop/P416CompilerBackend/src/DependencyAnlyzer/P4ProgramGraph.py:36} INFO - Loading pipelines
Name is None in getNode. returning None
Name is None in getNodeWithActionsForTDGProcessing. returning None
[11-01 14:45:20] p25193 {/home/deba/Desktop/P416CompilerBackend/src/DependencyAnlyzer/P4ProgramGraph.py:36} INFO - Loading pipelines
Name is None in getNode. returning None
Name is None in getNodeWithActionsForTDGProcessing. returning None
[11-01 14:45:45] p25303 {/home/deba/Desktop/P416CompilerBackend/src/DependencyAnlyzer/P4ProgramGraph.py:36} INFO - Loading pipelines
Name is None in getNode. returning None
Name is None in getNodeWithActionsForTDGProcessing. returning None
[11-01 14:47:40] p25511 {/home/deba/Desktop/P416CompilerBackend/src/DependencyAnlyzer/P4ProgramGraph.py:36} INFO - Loading pipelines
Name is None in getNode. returning None
Name is None in getNodeWithActionsForTDGProcessing. returning None
[11-01 15:08:47] p26904 {/home/deba/Desktop/P416CompilerBackend/src/DependencyAnlyzer/P4ProgramGraph.py:36} INFO - Loading pipelines
[11-01 15:08:59] p26942 {/home/deba/Desktop/P416CompilerBackend/src/DependencyAnlyzer/P4ProgramGraph.py:36} INFO - Loading pipelines
[11-01 15:09:24] p27013 {/home/deba/Desktop/P416CompilerBackend/src/DependencyAnlyzer/P4ProgramGraph.py:36} INFO - Loading pipelines
[11-01 15:09:42] p27050 {/home/deba/Desktop/P416CompilerBackend/src/DependencyAnlyzer/P4ProgramGraph.py:36} INFO - Loading pipelines
[11-01 15:10:31] p27156 {/home/deba/Desktop/P416CompilerBackend/src/DependencyAnlyzer/P4ProgramGraph.py:36} INFO - Loading pipelines
[11-01 15:11:07] p27209 {/home/deba/Desktop/P416CompilerBackend/src/DependencyAnlyzer/P4ProgramGraph.py:36} INFO - Loading pipelines
[11-01 15:11:54] p27257 {/home/deba/Desktop/P416CompilerBackend/src/DependencyAnlyzer/P4ProgramGraph.py:36} INFO - Loading pipelines
[11-01 15:12:11] p27307 {/home/deba/Desktop/P416CompilerBackend/src/DependencyAnlyzer/P4ProgramGraph.py:36} INFO - Loading pipelines
[11-01 15:12:58] p27388 {/home/deba/Desktop/P416CompilerBackend/src/DependencyAnlyzer/P4ProgramGraph.py:36} INFO - Loading pipelines
[11-01 15:14:12] p27542 {/home/deba/Desktop/P416CompilerBackend/src/DependencyAnlyzer/P4ProgramGraph.py:36} INFO - Loading pipelines
[11-01 15:14:17] p27580 {/home/deba/Desktop/P416CompilerBackend/src/DependencyAnlyzer/P4ProgramGraph.py:36} INFO - Loading pipelines
[11-01 15:14:55] p27702 {/home/deba/Desktop/P416CompilerBackend/src/DependencyAnlyzer/P4ProgramGraph.py:36} INFO - Loading pipelines
[11-01 15:16:10] p27760 {/home/deba/Desktop/P416CompilerBackend/src/DependencyAnlyzer/P4ProgramGraph.py:36} INFO - Loading pipelines
Name is None in getNode. returning None
[11-01 15:16:10] p27760 {/home/deba/Desktop/P416CompilerBackend/src/P4ProgramParser/P416JsonParser.py:1327} INFO - Runtime data is not needed to be parsed in our system. passing it 
[11-01 15:16:10] p27760 {/home/deba/Desktop/P416CompilerBackend/src/P4ProgramParser/P416JsonParser.py:1327} INFO - Runtime data is not needed to be parsed in our system. passing it 
[11-01 15:16:10] p27760 {/home/deba/Desktop/P416CompilerBackend/src/P4ProgramParser/P416JsonParser.py:1327} INFO - Runtime data is not needed to be parsed in our system. passing it 
[11-01 15:17:47] p27893 {/home/deba/Desktop/P416CompilerBackend/src/DependencyAnlyzer/P4ProgramGraph.py:36} INFO - Loading pipelines
Name is None in getNode. returning None
[11-01 15:17:48] p27893 {/home/deba/Desktop/P416CompilerBackend/src/P4ProgramParser/P416JsonParser.py:1327} INFO - Runtime data is not needed to be parsed in our system. passing it 
[11-01 15:17:48] p27893 {/home/deba/Desktop/P416CompilerBackend/src/P4ProgramParser/P416JsonParser.py:1327} INFO - Runtime data is not needed to be parsed in our system. passing it 
[11-01 15:17:48] p27893 {/home/deba/Desktop/P416CompilerBackend/src/P4ProgramParser/P416JsonParser.py:1327} INFO - Runtime data is not needed to be parsed in our system. passing it 
[11-01 15:24:36] p29070 {/home/deba/Desktop/P416CompilerBackend/src/DependencyAnlyzer/P4ProgramGraph.py:36} INFO - Loading pipelines
Name is None in getNode. returning None
[11-01 15:24:36] p29070 {/home/deba/Desktop/P416CompilerBackend/src/P4ProgramParser/P416JsonParser.py:1327} INFO - Runtime data is not needed to be parsed in our system. passing it 
[11-01 15:24:36] p29070 {/home/deba/Desktop/P416CompilerBackend/src/P4ProgramParser/P416JsonParser.py:1327} INFO - Runtime data is not needed to be parsed in our system. passing it 
[11-01 15:24:36] p29070 {/home/deba/Desktop/P416CompilerBackend/src/P4ProgramParser/P416JsonParser.py:1327} INFO - Runtime data is not needed to be parsed in our system. passing it 
[11-01 15:27:05] p29195 {/home/deba/Desktop/P416CompilerBackend/src/DependencyAnlyzer/P4ProgramGraph.py:36} INFO - Loading pipelines
Name is None in getNode. returning None
[11-01 15:27:06] p29195 {/home/deba/Desktop/P416CompilerBackend/src/P4ProgramParser/P416JsonParser.py:1327} INFO - Runtime data is not needed to be parsed in our system. passing it 
[11-01 15:27:06] p29195 {/home/deba/Desktop/P416CompilerBackend/src/P4ProgramParser/P416JsonParser.py:1327} INFO - Runtime data is not needed to be parsed in our system. passing it 
[11-01 15:27:06] p29195 {/home/deba/Desktop/P416CompilerBackend/src/P4ProgramParser/P416JsonParser.py:1327} INFO - Runtime data is not needed to be parsed in our system. passing it 
[11-01 15:35:32] p29480 {/home/deba/Desktop/P416CompilerBackend/src/DependencyAnlyzer/P4ProgramGraph.py:36} INFO - Loading pipelines
Name is None in getNode. returning None
[11-01 15:35:33] p29480 {/home/deba/Desktop/P416CompilerBackend/src/P4ProgramParser/P416JsonParser.py:1327} INFO - Runtime data is not needed to be parsed in our system. passing it 
[11-01 15:35:33] p29480 {/home/deba/Desktop/P416CompilerBackend/src/P4ProgramParser/P416JsonParser.py:1327} INFO - Runtime data is not needed to be parsed in our system. passing it 
[11-01 15:35:33] p29480 {/home/deba/Desktop/P416CompilerBackend/src/P4ProgramParser/P416JsonParser.py:1327} INFO - Runtime data is not needed to be parsed in our system. passing it 
[11-01 15:36:25] p29558 {/home/deba/Desktop/P416CompilerBackend/src/DependencyAnlyzer/P4ProgramGraph.py:36} INFO - Loading pipelines
[11-01 15:36:57] p29618 {/home/deba/Desktop/P416CompilerBackend/src/DependencyAnlyzer/P4ProgramGraph.py:36} INFO - Loading pipelines
Name is None in getNode. returning None
[11-01 15:36:57] p29618 {/home/deba/Desktop/P416CompilerBackend/src/P4ProgramParser/P416JsonParser.py:1327} INFO - Runtime data is not needed to be parsed in our system. passing it 
[11-01 15:36:57] p29618 {/home/deba/Desktop/P416CompilerBackend/src/P4ProgramParser/P416JsonParser.py:1327} INFO - Runtime data is not needed to be parsed in our system. passing it 
[11-01 15:36:57] p29618 {/home/deba/Desktop/P416CompilerBackend/src/P4ProgramParser/P416JsonParser.py:1327} INFO - Runtime data is not needed to be parsed in our system. passing it 
[11-01 15:37:11] p29671 {/home/deba/Desktop/P416CompilerBackend/src/DependencyAnlyzer/P4ProgramGraph.py:36} INFO - Loading pipelines
[11-01 15:51:57] p30358 {/home/deba/Desktop/P416CompilerBackend/src/DependencyAnlyzer/P4ProgramGraph.py:36} INFO - Loading pipelines
[11-01 15:52:14] p30388 {/home/deba/Desktop/P416CompilerBackend/src/DependencyAnlyzer/P4ProgramGraph.py:36} INFO - Loading pipelines
Cycle found in the TDG graph for node OntasIngress.multicast_mac_catch_tb Exiting
[11-01 15:52:26] p30417 {/home/deba/Desktop/P416CompilerBackend/src/DependencyAnlyzer/P4ProgramGraph.py:36} INFO - Loading pipelines
Name is None in getNode. returning None
[11-01 15:52:27] p30417 {/home/deba/Desktop/P416CompilerBackend/src/P4ProgramParser/P416JsonParser.py:1327} INFO - Runtime data is not needed to be parsed in our system. passing it 
[11-01 15:52:27] p30417 {/home/deba/Desktop/P416CompilerBackend/src/P4ProgramParser/P416JsonParser.py:1327} INFO - Runtime data is not needed to be parsed in our system. passing it 
[11-01 15:52:27] p30417 {/home/deba/Desktop/P416CompilerBackend/src/P4ProgramParser/P416JsonParser.py:1327} INFO - Runtime data is not needed to be parsed in our system. passing it 
